<?xml version="1.0" encoding="UTF-8"?>
<coverage generated="1513561465284" clover="3.2.0">
  <project timestamp="1513561465284" name="All files">
    <metrics statements="43" coveredstatements="0" conditionals="35" coveredconditionals="0" methods="20" coveredmethods="0" elements="98" coveredelements="0" complexity="0" loc="43" ncloc="43" packages="4" files="5" classes="5">
      <package name="src">
        <metrics statements="25" coveredstatements="0" conditionals="27" coveredconditionals="0" methods="15" coveredmethods="0"/>
        <file name="index.js" path="D:\estudos\2017\react\PROJETO 2\post-coments\src\index.js">
          <metrics statements="11" coveredstatements="0" conditionals="6" coveredconditionals="0" methods="1" coveredmethods="0"/>
          <line num="1" count="0" type="stmt"/>
          <line num="2" count="0" type="stmt"/>
          <line num="3" count="0" type="stmt"/>
          <line num="4" count="0" type="stmt"/>
          <line num="5" count="0" type="stmt"/>
          <line num="6" count="0" type="stmt"/>
          <line num="7" count="0" type="stmt"/>
          <line num="8" count="0" type="cond" truecount="0" falsecount="4"/>
          <line num="10" count="0" type="stmt"/>
          <line num="16" count="0" type="stmt"/>
          <line num="20" count="0" type="stmt"/>
        </file>
        <file name="registerServiceWorker.js" path="D:\estudos\2017\react\PROJETO 2\post-coments\src\registerServiceWorker.js">
          <metrics statements="14" coveredstatements="0" conditionals="21" coveredconditionals="0" methods="14" coveredmethods="0"/>
          <line num="1" count="0" type="stmt"/>
          <line num="21" count="0" type="stmt"/>
          <line num="109" count="0" type="cond" truecount="0" falsecount="3"/>
          <line num="111" count="0" type="cond" truecount="0" falsecount="4"/>
          <line num="112" count="0" type="cond" truecount="0" falsecount="2"/>
          <line num="115" count="0" type="cond" truecount="0" falsecount="2"/>
          <line num="116" count="0" type="stmt"/>
          <line num="117" count="0" type="cond" truecount="0" falsecount="4"/>
          <line num="121" count="0" type="stmt"/>
          <line num="124" count="0" type="stmt"/>
          <line num="125" count="0" type="stmt"/>
          <line num="126" count="0" type="cond" truecount="0" falsecount="4"/>
          <line num="127" count="0" type="stmt"/>
          <line num="128" count="0" type="cond" truecount="0" falsecount="2"/>
        </file>
      </package>
      <package name="src.actions">
        <metrics statements="4" coveredstatements="0" conditionals="0" coveredconditionals="0" methods="2" coveredmethods="0"/>
        <file name="index.js" path="D:\estudos\2017\react\PROJETO 2\post-coments\src\actions\index.js">
          <metrics statements="4" coveredstatements="0" conditionals="0" coveredconditionals="0" methods="2" coveredmethods="0"/>
          <line num="1" count="0" type="stmt"/>
          <line num="4" count="0" type="stmt"/>
          <line num="9" count="0" type="stmt"/>
          <line num="10" count="0" type="stmt"/>
        </file>
      </package>
      <package name="src.components">
        <metrics statements="5" coveredstatements="0" conditionals="4" coveredconditionals="0" methods="2" coveredmethods="0"/>
        <file name="App.js" path="D:\estudos\2017\react\PROJETO 2\post-coments\src\components\App.js">
          <metrics statements="5" coveredstatements="0" conditionals="4" coveredconditionals="0" methods="2" coveredmethods="0"/>
          <line num="1" count="0" type="stmt"/>
          <line num="2" count="0" type="stmt"/>
          <line num="3" count="0" type="cond" truecount="0" falsecount="4"/>
          <line num="7" count="0" type="stmt"/>
          <line num="18" count="0" type="stmt"/>
        </file>
      </package>
      <package name="src.reducers">
        <metrics statements="9" coveredstatements="0" conditionals="4" coveredconditionals="0" methods="1" coveredmethods="0"/>
        <file name="index.js" path="D:\estudos\2017\react\PROJETO 2\post-coments\src\reducers\index.js">
          <metrics statements="9" coveredstatements="0" conditionals="4" coveredconditionals="0" methods="1" coveredmethods="0"/>
          <line num="1" count="0" type="stmt"/>
          <line num="3" count="0" type="stmt"/>
          <line num="8" count="0" type="stmt"/>
          <line num="13" count="0" type="stmt"/>
          <line num="15" count="0" type="cond" truecount="0" falsecount="3"/>
          <line num="17" count="0" type="stmt"/>
          <line num="23" count="0" type="stmt"/>
          <line num="29" count="0" type="stmt"/>
          <line num="31" count="0" type="stmt"/>
        </file>
      </package>
    </metrics>
  </project>
</coverage>
