{"D:\\estudos\\2017\\react\\PROJETO 2\\post-coments\\src\\index.js": {"path":"D:\\estudos\\2017\\react\\PROJETO 2\\post-coments\\src\\index.js","statementMap":{"0":{"start":{"line":1,"column":32},"end":{"line":1,"column":98}},"1":{"start":{"line":1,"column":112},"end":{"line":1,"column":128}},"2":{"start":{"line":1,"column":143},"end":{"line":1,"column":173}},"3":{"start":{"line":2,"column":16},"end":{"line":2,"column":36}},"4":{"start":{"line":2,"column":54},"end":{"line":2,"column":87}},"5":{"start":{"line":3,"column":0},"end":{"line":3,"column":23}},"6":{"start":{"line":4,"column":11},"end":{"line":4,"column":38}},"7":{"start":{"line":4,"column":51},"end":{"line":4,"column":79}},"8":{"start":{"line":5,"column":29},"end":{"line":5,"column":63}},"9":{"start":{"line":5,"column":94},"end":{"line":5,"column":140}},"10":{"start":{"line":6,"column":13},"end":{"line":6,"column":29}},"11":{"start":{"line":7,"column":16},"end":{"line":7,"column":37}},"12":{"start":{"line":7,"column":55},"end":{"line":7,"column":88}},"13":{"start":{"line":8,"column":18},"end":{"line":8,"column":40}},"14":{"start":{"line":8,"column":79},"end":{"line":8,"column":133}},"15":{"start":{"line":10,"column":14},"end":{"line":12,"column":77}},"16":{"start":{"line":16,"column":0},"end":{"line":19,"column":33}},"17":{"start":{"line":20,"column":0},"end":{"line":20,"column":39}}},"fnMap":{"0":{"name":"_interopRequireDefault","decl":{"start":{"line":8,"column":50},"end":{"line":8,"column":72}},"loc":{"start":{"line":8,"column":78},"end":{"line":8,"column":134}},"line":8}},"branchMap":{"0":{"loc":{"start":{"line":8,"column":86},"end":{"line":8,"column":132}},"type":"cond-expr","locations":[{"start":{"line":8,"column":110},"end":{"line":8,"column":113}},{"start":{"line":8,"column":116},"end":{"line":8,"column":132}}],"line":8},"1":{"loc":{"start":{"line":8,"column":86},"end":{"line":8,"column":107}},"type":"binary-expr","locations":[{"start":{"line":8,"column":86},"end":{"line":8,"column":89}},{"start":{"line":8,"column":93},"end":{"line":8,"column":107}}],"line":8},"2":{"loc":{"start":{"line":12,"column":0},"end":{"line":12,"column":76}},"type":"binary-expr","locations":[{"start":{"line":12,"column":0},"end":{"line":12,"column":35}},{"start":{"line":12,"column":39},"end":{"line":12,"column":76}}],"line":12}},"s":{"0":0,"1":0,"2":0,"3":0,"4":0,"5":0,"6":0,"7":0,"8":0,"9":0,"10":0,"11":0,"12":0,"13":0,"14":0,"15":0,"16":0,"17":0},"f":{"0":0},"b":{"0":[0,0],"1":[0,0],"2":[0,0]}}
,"D:\\estudos\\2017\\react\\PROJETO 2\\post-coments\\src\\registerServiceWorker.js": {"path":"D:\\estudos\\2017\\react\\PROJETO 2\\post-coments\\src\\registerServiceWorker.js","statementMap":{"0":{"start":{"line":1,"column":13},"end":{"line":1,"column":75}},"1":{"start":{"line":1,"column":75},"end":{"line":21,"column":9}},"2":{"start":{"line":21,"column":9},"end":{"line":102,"column":24}},"3":{"start":{"line":109,"column":20},"end":{"line":111,"column":89}},"4":{"start":{"line":111,"column":111},"end":{"line":117,"column":36}},"5":{"start":{"line":112,"column":22},"end":{"line":112,"column":70}},"6":{"start":{"line":112,"column":71},"end":{"line":115,"column":14}},"7":{"start":{"line":115,"column":6},"end":{"line":115,"column":13}},"8":{"start":{"line":115,"column":14},"end":{"line":117,"column":35}},"9":{"start":{"line":115,"column":67},"end":{"line":115,"column":112}},"10":{"start":{"line":115,"column":113},"end":{"line":117,"column":32}},"11":{"start":{"line":116,"column":8},"end":{"line":116,"column":39}},"12":{"start":{"line":117,"column":8},"end":{"line":117,"column":31}},"13":{"start":{"line":117,"column":70},"end":{"line":124,"column":156}},"14":{"start":{"line":117,"column":132},"end":{"line":124,"column":68}},"15":{"start":{"line":117,"column":193},"end":{"line":117,"column":216}},"16":{"start":{"line":117,"column":217},"end":{"line":124,"column":66}},"17":{"start":{"line":117,"column":257},"end":{"line":124,"column":64}},"18":{"start":{"line":117,"column":302},"end":{"line":124,"column":63}},"19":{"start":{"line":121,"column":12},"end":{"line":121,"column":69}},"20":{"start":{"line":124,"column":12},"end":{"line":124,"column":62}},"21":{"start":{"line":124,"column":87},"end":{"line":124,"column":153}},"22":{"start":{"line":125,"column":2},"end":{"line":128,"column":126}},"23":{"start":{"line":126,"column":4},"end":{"line":128,"column":30}},"24":{"start":{"line":127,"column":6},"end":{"line":127,"column":127}},"25":{"start":{"line":127,"column":58},"end":{"line":127,"column":124}},"26":{"start":{"line":127,"column":96},"end":{"line":127,"column":121}},"27":{"start":{"line":128,"column":6},"end":{"line":128,"column":29}},"28":{"start":{"line":128,"column":46},"end":{"line":128,"column":123}},"29":{"start":{"line":128,"column":150},"end":{"line":128,"column":267}},"30":{"start":{"line":128,"column":185},"end":{"line":128,"column":266}},"31":{"start":{"line":128,"column":237},"end":{"line":128,"column":263}}},"fnMap":{"0":{"name":"register","decl":{"start":{"line":111,"column":99},"end":{"line":111,"column":107}},"loc":{"start":{"line":111,"column":110},"end":{"line":117,"column":37}},"line":111},"1":{"name":"(anonymous_1)","decl":{"start":{"line":115,"column":46},"end":{"line":115,"column":47}},"loc":{"start":{"line":115,"column":52},"end":{"line":117,"column":33}},"line":115},"2":{"name":"registerValidSW","decl":{"start":{"line":117,"column":46},"end":{"line":117,"column":61}},"loc":{"start":{"line":117,"column":69},"end":{"line":124,"column":157}},"line":117},"3":{"name":"(anonymous_3)","decl":{"start":{"line":117,"column":115},"end":{"line":117,"column":116}},"loc":{"start":{"line":117,"column":131},"end":{"line":124,"column":69}},"line":117},"4":{"name":"(anonymous_4)","decl":{"start":{"line":117,"column":161},"end":{"line":117,"column":162}},"loc":{"start":{"line":117,"column":167},"end":{"line":124,"column":67}},"line":117},"5":{"name":"(anonymous_5)","decl":{"start":{"line":117,"column":250},"end":{"line":117,"column":251}},"loc":{"start":{"line":117,"column":256},"end":{"line":124,"column":65}},"line":117},"6":{"name":"(anonymous_6)","decl":{"start":{"line":124,"column":77},"end":{"line":124,"column":78}},"loc":{"start":{"line":124,"column":86},"end":{"line":124,"column":154}},"line":124},"7":{"name":"checkValidServiceWorker","decl":{"start":{"line":124,"column":166},"end":{"line":124,"column":189}},"loc":{"start":{"line":124,"column":197},"end":{"line":128,"column":127}},"line":124},"8":{"name":"(anonymous_8)","decl":{"start":{"line":125,"column":20},"end":{"line":125,"column":21}},"loc":{"start":{"line":125,"column":32},"end":{"line":128,"column":31}},"line":125},"9":{"name":"(anonymous_9)","decl":{"start":{"line":127,"column":41},"end":{"line":127,"column":42}},"loc":{"start":{"line":127,"column":57},"end":{"line":127,"column":125}},"line":127},"10":{"name":"(anonymous_10)","decl":{"start":{"line":127,"column":89},"end":{"line":127,"column":90}},"loc":{"start":{"line":127,"column":95},"end":{"line":127,"column":122}},"line":127},"11":{"name":"(anonymous_11)","decl":{"start":{"line":128,"column":39},"end":{"line":128,"column":40}},"loc":{"start":{"line":128,"column":45},"end":{"line":128,"column":124}},"line":128},"12":{"name":"unregister","decl":{"start":{"line":128,"column":136},"end":{"line":128,"column":146}},"loc":{"start":{"line":128,"column":149},"end":{"line":128,"column":268}},"line":128},"13":{"name":"(anonymous_13)","decl":{"start":{"line":128,"column":220},"end":{"line":128,"column":221}},"loc":{"start":{"line":128,"column":236},"end":{"line":128,"column":264}},"line":128}},"branchMap":{"0":{"loc":{"start":{"line":109,"column":28},"end":{"line":111,"column":88}},"type":"binary-expr","locations":[{"start":{"line":109,"column":28},"end":{"line":109,"column":68}},{"start":{"line":110,"column":0},"end":{"line":110,"column":36}},{"start":{"line":111,"column":0},"end":{"line":111,"column":88}}],"line":109},"1":{"loc":{"start":{"line":111,"column":111},"end":{"line":117,"column":36}},"type":"if","locations":[{"start":{"line":111,"column":111},"end":{"line":117,"column":36}},{"start":{"line":111,"column":111},"end":{"line":117,"column":36}}],"line":111},"2":{"loc":{"start":{"line":111,"column":115},"end":{"line":111,"column":184}},"type":"binary-expr","locations":[{"start":{"line":111,"column":115},"end":{"line":111,"column":152}},{"start":{"line":111,"column":156},"end":{"line":111,"column":184}}],"line":111},"3":{"loc":{"start":{"line":112,"column":71},"end":{"line":115,"column":14}},"type":"if","locations":[{"start":{"line":112,"column":71},"end":{"line":115,"column":14}},{"start":{"line":112,"column":71},"end":{"line":115,"column":14}}],"line":112},"4":{"loc":{"start":{"line":115,"column":113},"end":{"line":117,"column":32}},"type":"if","locations":[{"start":{"line":115,"column":113},"end":{"line":117,"column":32}},{"start":{"line":115,"column":113},"end":{"line":117,"column":32}}],"line":115},"5":{"loc":{"start":{"line":117,"column":257},"end":{"line":124,"column":64}},"type":"if","locations":[{"start":{"line":117,"column":257},"end":{"line":124,"column":64}},{"start":{"line":117,"column":257},"end":{"line":124,"column":64}}],"line":117},"6":{"loc":{"start":{"line":117,"column":302},"end":{"line":124,"column":63}},"type":"if","locations":[{"start":{"line":117,"column":302},"end":{"line":124,"column":63}},{"start":{"line":117,"column":302},"end":{"line":124,"column":63}}],"line":117},"7":{"loc":{"start":{"line":126,"column":4},"end":{"line":128,"column":30}},"type":"if","locations":[{"start":{"line":126,"column":4},"end":{"line":128,"column":30}},{"start":{"line":126,"column":4},"end":{"line":128,"column":30}}],"line":126},"8":{"loc":{"start":{"line":126,"column":8},"end":{"line":126,"column":100}},"type":"binary-expr","locations":[{"start":{"line":126,"column":8},"end":{"line":126,"column":31}},{"start":{"line":126,"column":35},"end":{"line":126,"column":100}}],"line":126},"9":{"loc":{"start":{"line":128,"column":150},"end":{"line":128,"column":267}},"type":"if","locations":[{"start":{"line":128,"column":150},"end":{"line":128,"column":267}},{"start":{"line":128,"column":150},"end":{"line":128,"column":267}}],"line":128}},"s":{"0":0,"1":0,"2":0,"3":0,"4":0,"5":0,"6":0,"7":0,"8":0,"9":0,"10":0,"11":0,"12":0,"13":0,"14":0,"15":0,"16":0,"17":0,"18":0,"19":0,"20":0,"21":0,"22":0,"23":0,"24":0,"25":0,"26":0,"27":0,"28":0,"29":0,"30":0,"31":0},"f":{"0":0,"1":0,"2":0,"3":0,"4":0,"5":0,"6":0,"7":0,"8":0,"9":0,"10":0,"11":0,"12":0,"13":0},"b":{"0":[0,0,0],"1":[0,0],"2":[0,0],"3":[0,0],"4":[0,0],"5":[0,0],"6":[0,0],"7":[0,0],"8":[0,0],"9":[0,0]}}
,"D:\\estudos\\2017\\react\\PROJETO 2\\post-coments\\src\\actions\\index.js": {"path":"D:\\estudos\\2017\\react\\PROJETO 2\\post-coments\\src\\actions\\index.js","statementMap":{"0":{"start":{"line":1,"column":13},"end":{"line":1,"column":75}},"1":{"start":{"line":1,"column":75},"end":{"line":4,"column":18}},"2":{"start":{"line":4,"column":18},"end":{"line":9,"column":24}},"3":{"start":{"line":9,"column":41},"end":{"line":9,"column":70}},"4":{"start":{"line":9,"column":91},"end":{"line":9,"column":126}},"5":{"start":{"line":9,"column":155},"end":{"line":9,"column":176}},"6":{"start":{"line":9,"column":161},"end":{"line":9,"column":176}},"7":{"start":{"line":10,"column":4},"end":{"line":11,"column":9}},"8":{"start":{"line":10,"column":10},"end":{"line":11,"column":9}}},"fnMap":{"0":{"name":"addPost","decl":{"start":{"line":9,"column":136},"end":{"line":9,"column":143}},"loc":{"start":{"line":9,"column":154},"end":{"line":9,"column":177}},"line":9},"1":{"name":"removePost","decl":{"start":{"line":9,"column":187},"end":{"line":9,"column":197}},"loc":{"start":{"line":9,"column":208},"end":{"line":12,"column":1}},"line":9}},"branchMap":{},"s":{"0":0,"1":0,"2":0,"3":0,"4":0,"5":0,"6":0,"7":0,"8":0},"f":{"0":0,"1":0},"b":{}}
,"D:\\estudos\\2017\\react\\PROJETO 2\\post-coments\\src\\components\\App.js": {"path":"D:\\estudos\\2017\\react\\PROJETO 2\\post-coments\\src\\components\\App.js","statementMap":{"0":{"start":{"line":1,"column":13},"end":{"line":1,"column":75}},"1":{"start":{"line":1,"column":94},"end":{"line":1,"column":170}},"2":{"start":{"line":1,"column":184},"end":{"line":1,"column":200}},"3":{"start":{"line":1,"column":215},"end":{"line":1,"column":245}},"4":{"start":{"line":2,"column":12},"end":{"line":2,"column":34}},"5":{"start":{"line":2,"column":48},"end":{"line":2,"column":77}},"6":{"start":{"line":3,"column":0},"end":{"line":3,"column":22}},"7":{"start":{"line":3,"column":60},"end":{"line":3,"column":114}},"8":{"start":{"line":7,"column":4},"end":{"line":14,"column":161}},"9":{"start":{"line":18,"column":4},"end":{"line":21,"column":4}}},"fnMap":{"0":{"name":"_interopRequireDefault","decl":{"start":{"line":3,"column":31},"end":{"line":3,"column":53}},"loc":{"start":{"line":3,"column":59},"end":{"line":3,"column":115}},"line":3},"1":{"name":"(anonymous_1)","decl":{"start":{"line":6,"column":2},"end":{"line":6,"column":3}},"loc":{"start":{"line":6,"column":11},"end":{"line":18,"column":3}},"line":6}},"branchMap":{"0":{"loc":{"start":{"line":3,"column":67},"end":{"line":3,"column":113}},"type":"cond-expr","locations":[{"start":{"line":3,"column":91},"end":{"line":3,"column":94}},{"start":{"line":3,"column":97},"end":{"line":3,"column":113}}],"line":3},"1":{"loc":{"start":{"line":3,"column":67},"end":{"line":3,"column":88}},"type":"binary-expr","locations":[{"start":{"line":3,"column":67},"end":{"line":3,"column":70}},{"start":{"line":3,"column":74},"end":{"line":3,"column":88}}],"line":3}},"s":{"0":0,"1":0,"2":0,"3":0,"4":0,"5":0,"6":0,"7":0,"8":0,"9":0},"f":{"0":0,"1":0},"b":{"0":[0,0],"1":[0,0]}}
,"D:\\estudos\\2017\\react\\PROJETO 2\\post-coments\\src\\reducers\\index.js": {"path":"D:\\estudos\\2017\\react\\PROJETO 2\\post-coments\\src\\reducers\\index.js","statementMap":{"0":{"start":{"line":1,"column":13},"end":{"line":1,"column":75}},"1":{"start":{"line":1,"column":88},"end":{"line":1,"column":104}},"2":{"start":{"line":3,"column":15},"end":{"line":3,"column":36}},"3":{"start":{"line":8,"column":21},"end":{"line":9,"column":15}},"4":{"start":{"line":13,"column":17},"end":{"line":13,"column":23}},"5":{"start":{"line":15,"column":4},"end":{"line":29,"column":26}},"6":{"start":{"line":17,"column":12},"end":{"line":19,"column":32}},"7":{"start":{"line":23,"column":12},"end":{"line":25,"column":32}},"8":{"start":{"line":29,"column":12},"end":{"line":29,"column":25}},"9":{"start":{"line":31,"column":1},"end":{"line":34,"column":11}}},"fnMap":{"0":{"name":"app","decl":{"start":{"line":12,"column":9},"end":{"line":12,"column":12}},"loc":{"start":{"line":12,"column":43},"end":{"line":31,"column":1}},"line":12}},"branchMap":{"0":{"loc":{"start":{"line":12,"column":13},"end":{"line":12,"column":33}},"type":"default-arg","locations":[{"start":{"line":12,"column":21},"end":{"line":12,"column":33}}],"line":12},"1":{"loc":{"start":{"line":15,"column":4},"end":{"line":29,"column":26}},"type":"switch","locations":[{"start":{"line":16,"column":8},"end":{"line":19,"column":32}},{"start":{"line":22,"column":8},"end":{"line":25,"column":32}},{"start":{"line":28,"column":8},"end":{"line":29,"column":25}}],"line":15}},"s":{"0":0,"1":0,"2":0,"3":0,"4":0,"5":0,"6":0,"7":0,"8":0,"9":0},"f":{"0":0},"b":{"0":[0],"1":[0,0,0]}}
}
