TN:
SF:D:\estudos\2017\react\PROJETO 2\post-coments\src\index.js
FN:8,_interopRequireDefault
FNF:1
FNH:0
FNDA:0,_interopRequireDefault
DA:1,0
DA:2,0
DA:3,0
DA:4,0
DA:5,0
DA:6,0
DA:7,0
DA:8,0
DA:10,0
DA:16,0
DA:20,0
LF:11
LH:0
BRDA:8,0,0,0
BRDA:8,0,1,0
BRDA:8,1,0,0
BRDA:8,1,1,0
BRDA:12,2,0,0
BRDA:12,2,1,0
BRF:6
BRH:0
end_of_record
TN:
SF:D:\estudos\2017\react\PROJETO 2\post-coments\src\registerServiceWorker.js
FN:111,register
FN:115,(anonymous_1)
FN:117,registerValidSW
FN:117,(anonymous_3)
FN:117,(anonymous_4)
FN:117,(anonymous_5)
FN:124,(anonymous_6)
FN:124,checkValidServiceWorker
FN:125,(anonymous_8)
FN:127,(anonymous_9)
FN:127,(anonymous_10)
FN:128,(anonymous_11)
FN:128,unregister
FN:128,(anonymous_13)
FNF:14
FNH:0
FNDA:0,register
FNDA:0,(anonymous_1)
FNDA:0,registerValidSW
FNDA:0,(anonymous_3)
FNDA:0,(anonymous_4)
FNDA:0,(anonymous_5)
FNDA:0,(anonymous_6)
FNDA:0,checkValidServiceWorker
FNDA:0,(anonymous_8)
FNDA:0,(anonymous_9)
FNDA:0,(anonymous_10)
FNDA:0,(anonymous_11)
FNDA:0,unregister
FNDA:0,(anonymous_13)
DA:1,0
DA:21,0
DA:109,0
DA:111,0
DA:112,0
DA:115,0
DA:116,0
DA:117,0
DA:121,0
DA:124,0
DA:125,0
DA:126,0
DA:127,0
DA:128,0
LF:14
LH:0
BRDA:109,0,0,0
BRDA:109,0,1,0
BRDA:109,0,2,0
BRDA:111,1,0,0
BRDA:111,1,1,0
BRDA:111,2,0,0
BRDA:111,2,1,0
BRDA:112,3,0,0
BRDA:112,3,1,0
BRDA:115,4,0,0
BRDA:115,4,1,0
BRDA:117,5,0,0
BRDA:117,5,1,0
BRDA:117,6,0,0
BRDA:117,6,1,0
BRDA:126,7,0,0
BRDA:126,7,1,0
BRDA:126,8,0,0
BRDA:126,8,1,0
BRDA:128,9,0,0
BRDA:128,9,1,0
BRF:21
BRH:0
end_of_record
TN:
SF:D:\estudos\2017\react\PROJETO 2\post-coments\src\actions\index.js
FN:9,addPost
FN:9,removePost
FNF:2
FNH:0
FNDA:0,addPost
FNDA:0,removePost
DA:1,0
DA:4,0
DA:9,0
DA:10,0
LF:4
LH:0
BRF:0
BRH:0
end_of_record
TN:
SF:D:\estudos\2017\react\PROJETO 2\post-coments\src\components\App.js
FN:3,_interopRequireDefault
FN:6,(anonymous_1)
FNF:2
FNH:0
FNDA:0,_interopRequireDefault
FNDA:0,(anonymous_1)
DA:1,0
DA:2,0
DA:3,0
DA:7,0
DA:18,0
LF:5
LH:0
BRDA:3,0,0,0
BRDA:3,0,1,0
BRDA:3,1,0,0
BRDA:3,1,1,0
BRF:4
BRH:0
end_of_record
TN:
SF:D:\estudos\2017\react\PROJETO 2\post-coments\src\reducers\index.js
FN:12,app
FNF:1
FNH:0
FNDA:0,app
DA:1,0
DA:3,0
DA:8,0
DA:13,0
DA:15,0
DA:17,0
DA:23,0
DA:29,0
DA:31,0
LF:9
LH:0
BRDA:12,0,0,0
BRDA:15,1,0,0
BRDA:15,1,1,0
BRDA:15,1,2,0
BRF:4
BRH:0
end_of_record
